CRITICAL - 2023-01-31 21:06:58 --> Undefined offset: 1
#0 C:\wamp64\www\locum\app\Views\admin\email-2.php(40): CodeIgniter\Debug\Exceptions->errorHandler(8, 'Undefined offse...', 'C:\\wamp64\\www\\l...', 40, Array)
#1 C:\wamp64\www\locum\vendor\codeigniter4\framework\system\View\View.php(214): include('C:\\wamp64\\www\\l...')
#2 C:\wamp64\www\locum\vendor\codeigniter4\framework\system\View\View.php(217): CodeIgniter\View\View->CodeIgniter\View\{closure}()
#3 C:\wamp64\www\locum\vendor\codeigniter4\framework\system\Common.php(1092): CodeIgniter\View\View->render('admin/email-2', Array, true)
#4 C:\wamp64\www\locum\app\Controllers\admin\BEBaseController.php(73): view('admin/email-2', Array)
#5 C:\wamp64\www\locum\app\Controllers\admin\Backend.php(1783): App\Controllers\admin\BEBaseController->LoadView('admin/email-2', Array)
#6 C:\wamp64\www\locum\vendor\codeigniter4\framework\system\CodeIgniter.php(802): App\Controllers\admin\Backend->email_2(false)
#7 C:\wamp64\www\locum\vendor\codeigniter4\framework\system\CodeIgniter.php(399): CodeIgniter\CodeIgniter->runController(Object(App\Controllers\admin\Backend))
#8 C:\wamp64\www\locum\vendor\codeigniter4\framework\system\CodeIgniter.php(317): CodeIgniter\CodeIgniter->handleRequest(NULL, Object(Config\Cache), false)
#9 C:\wamp64\www\locum\index.php(37): CodeIgniter\CodeIgniter->run()
#10 {main}
CRITICAL - 2023-01-31 23:05:54 --> Invalid file: templates\footer.php
#0 C:\wamp64\www\locum\vendor\codeigniter4\framework\system\View\View.php(198): CodeIgniter\Exceptions\FrameworkException::forInvalidFile('templates\\foote...')
#1 C:\wamp64\www\locum\vendor\codeigniter4\framework\system\Common.php(1092): CodeIgniter\View\View->render('templates\\foote...', Array, true)
#2 C:\wamp64\www\locum\app\Controllers\BaseController.php(71): view('templates\\foote...')
#3 C:\wamp64\www\locum\app\Controllers\usersAuth.php(50): App\Controllers\BaseController->LoadView('employees/login', Array)
#4 C:\wamp64\www\locum\vendor\codeigniter4\framework\system\CodeIgniter.php(802): App\Controllers\usersAuth->login()
#5 C:\wamp64\www\locum\vendor\codeigniter4\framework\system\CodeIgniter.php(399): CodeIgniter\CodeIgniter->runController(Object(App\Controllers\usersAuth))
#6 C:\wamp64\www\locum\vendor\codeigniter4\framework\system\CodeIgniter.php(317): CodeIgniter\CodeIgniter->handleRequest(NULL, Object(Config\Cache), false)
#7 C:\wamp64\www\locum\index.php(37): CodeIgniter\CodeIgniter->run()
#8 {main}
