CRITICAL - 2023-02-09 12:13:53 --> Undefined variable: x
#0 C:\wamp64\www\locum\app\Views\employees\timesheet_view.php(64): CodeIgniter\Debug\Exceptions->errorHandler(8, 'Undefined varia...', 'C:\\wamp64\\www\\l...', 64, Array)
#1 C:\wamp64\www\locum\vendor\codeigniter4\framework\system\View\View.php(214): include('C:\\wamp64\\www\\l...')
#2 C:\wamp64\www\locum\vendor\codeigniter4\framework\system\View\View.php(217): CodeIgniter\View\View->CodeIgniter\View\{closure}()
#3 C:\wamp64\www\locum\vendor\codeigniter4\framework\system\Common.php(1092): CodeIgniter\View\View->render('employees/times...', Array, true)
#4 C:\wamp64\www\locum\app\Controllers\employee\EMPBaseController.php(72): view('employees/times...', Array)
#5 C:\wamp64\www\locum\app\Controllers\employee\emp.php(291): App\Controllers\employee\EMPBaseController->LoadView('employees/times...', Array)
#6 C:\wamp64\www\locum\vendor\codeigniter4\framework\system\CodeIgniter.php(802): App\Controllers\employee\emp->timesheet_view('3')
#7 C:\wamp64\www\locum\vendor\codeigniter4\framework\system\CodeIgniter.php(399): CodeIgniter\CodeIgniter->runController(Object(App\Controllers\employee\emp))
#8 C:\wamp64\www\locum\vendor\codeigniter4\framework\system\CodeIgniter.php(317): CodeIgniter\CodeIgniter->handleRequest(NULL, Object(Config\Cache), false)
#9 C:\wamp64\www\locum\index.php(37): CodeIgniter\CodeIgniter->run()
#10 {main}
CRITICAL - 2023-02-09 12:15:57 --> Undefined variable: stsCounter
#0 C:\wamp64\www\locum\app\Views\employees\timesheet_view.php(102): CodeIgniter\Debug\Exceptions->errorHandler(8, 'Undefined varia...', 'C:\\wamp64\\www\\l...', 102, Array)
#1 C:\wamp64\www\locum\vendor\codeigniter4\framework\system\View\View.php(214): include('C:\\wamp64\\www\\l...')
#2 C:\wamp64\www\locum\vendor\codeigniter4\framework\system\View\View.php(217): CodeIgniter\View\View->CodeIgniter\View\{closure}()
#3 C:\wamp64\www\locum\vendor\codeigniter4\framework\system\Common.php(1092): CodeIgniter\View\View->render('employees/times...', Array, true)
#4 C:\wamp64\www\locum\app\Controllers\employee\EMPBaseController.php(72): view('employees/times...', Array)
#5 C:\wamp64\www\locum\app\Controllers\employee\emp.php(291): App\Controllers\employee\EMPBaseController->LoadView('employees/times...', Array)
#6 C:\wamp64\www\locum\vendor\codeigniter4\framework\system\CodeIgniter.php(802): App\Controllers\employee\emp->timesheet_view('3')
#7 C:\wamp64\www\locum\vendor\codeigniter4\framework\system\CodeIgniter.php(399): CodeIgniter\CodeIgniter->runController(Object(App\Controllers\employee\emp))
#8 C:\wamp64\www\locum\vendor\codeigniter4\framework\system\CodeIgniter.php(317): CodeIgniter\CodeIgniter->handleRequest(NULL, Object(Config\Cache), false)
#9 C:\wamp64\www\locum\index.php(37): CodeIgniter\CodeIgniter->run()
#10 {main}
CRITICAL - 2023-02-09 12:16:18 --> Undefined offset: 1
#0 C:\wamp64\www\locum\app\Views\employees\timesheet_view.php(84): CodeIgniter\Debug\Exceptions->errorHandler(8, 'Undefined offse...', 'C:\\wamp64\\www\\l...', 84, Array)
#1 C:\wamp64\www\locum\vendor\codeigniter4\framework\system\View\View.php(214): include('C:\\wamp64\\www\\l...')
#2 C:\wamp64\www\locum\vendor\codeigniter4\framework\system\View\View.php(217): CodeIgniter\View\View->CodeIgniter\View\{closure}()
#3 C:\wamp64\www\locum\vendor\codeigniter4\framework\system\Common.php(1092): CodeIgniter\View\View->render('employees/times...', Array, true)
#4 C:\wamp64\www\locum\app\Controllers\employee\EMPBaseController.php(72): view('employees/times...', Array)
#5 C:\wamp64\www\locum\app\Controllers\employee\emp.php(291): App\Controllers\employee\EMPBaseController->LoadView('employees/times...', Array)
#6 C:\wamp64\www\locum\vendor\codeigniter4\framework\system\CodeIgniter.php(802): App\Controllers\employee\emp->timesheet_view('3')
#7 C:\wamp64\www\locum\vendor\codeigniter4\framework\system\CodeIgniter.php(399): CodeIgniter\CodeIgniter->runController(Object(App\Controllers\employee\emp))
#8 C:\wamp64\www\locum\vendor\codeigniter4\framework\system\CodeIgniter.php(317): CodeIgniter\CodeIgniter->handleRequest(NULL, Object(Config\Cache), false)
#9 C:\wamp64\www\locum\index.php(37): CodeIgniter\CodeIgniter->run()
#10 {main}
CRITICAL - 2023-02-09 12:31:10 --> Undefined offset: 1
#0 C:\wamp64\www\locum\app\Views\employees\timesheet_view.php(84): CodeIgniter\Debug\Exceptions->errorHandler(8, 'Undefined offse...', 'C:\\wamp64\\www\\l...', 84, Array)
#1 C:\wamp64\www\locum\vendor\codeigniter4\framework\system\View\View.php(214): include('C:\\wamp64\\www\\l...')
#2 C:\wamp64\www\locum\vendor\codeigniter4\framework\system\View\View.php(217): CodeIgniter\View\View->CodeIgniter\View\{closure}()
#3 C:\wamp64\www\locum\vendor\codeigniter4\framework\system\Common.php(1092): CodeIgniter\View\View->render('employees/times...', Array, true)
#4 C:\wamp64\www\locum\app\Controllers\employee\EMPBaseController.php(72): view('employees/times...', Array)
#5 C:\wamp64\www\locum\app\Controllers\employee\emp.php(291): App\Controllers\employee\EMPBaseController->LoadView('employees/times...', Array)
#6 C:\wamp64\www\locum\vendor\codeigniter4\framework\system\CodeIgniter.php(802): App\Controllers\employee\emp->timesheet_view('3')
#7 C:\wamp64\www\locum\vendor\codeigniter4\framework\system\CodeIgniter.php(399): CodeIgniter\CodeIgniter->runController(Object(App\Controllers\employee\emp))
#8 C:\wamp64\www\locum\vendor\codeigniter4\framework\system\CodeIgniter.php(317): CodeIgniter\CodeIgniter->handleRequest(NULL, Object(Config\Cache), false)
#9 C:\wamp64\www\locum\index.php(37): CodeIgniter\CodeIgniter->run()
#10 {main}
CRITICAL - 2023-02-09 12:57:55 --> Undefined variable: value_count
#0 C:\wamp64\www\locum\app\Views\employees\timesheet_view.php(93): CodeIgniter\Debug\Exceptions->errorHandler(8, 'Undefined varia...', 'C:\\wamp64\\www\\l...', 93, Array)
#1 C:\wamp64\www\locum\vendor\codeigniter4\framework\system\View\View.php(214): include('C:\\wamp64\\www\\l...')
#2 C:\wamp64\www\locum\vendor\codeigniter4\framework\system\View\View.php(217): CodeIgniter\View\View->CodeIgniter\View\{closure}()
#3 C:\wamp64\www\locum\vendor\codeigniter4\framework\system\Common.php(1092): CodeIgniter\View\View->render('employees/times...', Array, true)
#4 C:\wamp64\www\locum\app\Controllers\employee\EMPBaseController.php(72): view('employees/times...', Array)
#5 C:\wamp64\www\locum\app\Controllers\employee\emp.php(291): App\Controllers\employee\EMPBaseController->LoadView('employees/times...', Array)
#6 C:\wamp64\www\locum\vendor\codeigniter4\framework\system\CodeIgniter.php(802): App\Controllers\employee\emp->timesheet_view('3')
#7 C:\wamp64\www\locum\vendor\codeigniter4\framework\system\CodeIgniter.php(399): CodeIgniter\CodeIgniter->runController(Object(App\Controllers\employee\emp))
#8 C:\wamp64\www\locum\vendor\codeigniter4\framework\system\CodeIgniter.php(317): CodeIgniter\CodeIgniter->handleRequest(NULL, Object(Config\Cache), false)
#9 C:\wamp64\www\locum\index.php(37): CodeIgniter\CodeIgniter->run()
#10 {main}
CRITICAL - 2023-02-09 13:03:11 --> Cannot use a scalar value as an array
#0 C:\wamp64\www\locum\app\Views\employees\timesheet_view.php(83): CodeIgniter\Debug\Exceptions->errorHandler(2, 'Cannot use a sc...', 'C:\\wamp64\\www\\l...', 83, Array)
#1 C:\wamp64\www\locum\vendor\codeigniter4\framework\system\View\View.php(214): include('C:\\wamp64\\www\\l...')
#2 C:\wamp64\www\locum\vendor\codeigniter4\framework\system\View\View.php(217): CodeIgniter\View\View->CodeIgniter\View\{closure}()
#3 C:\wamp64\www\locum\vendor\codeigniter4\framework\system\Common.php(1092): CodeIgniter\View\View->render('employees/times...', Array, true)
#4 C:\wamp64\www\locum\app\Controllers\employee\EMPBaseController.php(72): view('employees/times...', Array)
#5 C:\wamp64\www\locum\app\Controllers\employee\emp.php(291): App\Controllers\employee\EMPBaseController->LoadView('employees/times...', Array)
#6 C:\wamp64\www\locum\vendor\codeigniter4\framework\system\CodeIgniter.php(802): App\Controllers\employee\emp->timesheet_view('3')
#7 C:\wamp64\www\locum\vendor\codeigniter4\framework\system\CodeIgniter.php(399): CodeIgniter\CodeIgniter->runController(Object(App\Controllers\employee\emp))
#8 C:\wamp64\www\locum\vendor\codeigniter4\framework\system\CodeIgniter.php(317): CodeIgniter\CodeIgniter->handleRequest(NULL, Object(Config\Cache), false)
#9 C:\wamp64\www\locum\index.php(37): CodeIgniter\CodeIgniter->run()
#10 {main}
CRITICAL - 2023-02-09 13:04:05 --> Cannot use a scalar value as an array
#0 C:\wamp64\www\locum\app\Views\employees\timesheet_view.php(80): CodeIgniter\Debug\Exceptions->errorHandler(2, 'Cannot use a sc...', 'C:\\wamp64\\www\\l...', 80, Array)
#1 C:\wamp64\www\locum\vendor\codeigniter4\framework\system\View\View.php(214): include('C:\\wamp64\\www\\l...')
#2 C:\wamp64\www\locum\vendor\codeigniter4\framework\system\View\View.php(217): CodeIgniter\View\View->CodeIgniter\View\{closure}()
#3 C:\wamp64\www\locum\vendor\codeigniter4\framework\system\Common.php(1092): CodeIgniter\View\View->render('employees/times...', Array, true)
#4 C:\wamp64\www\locum\app\Controllers\employee\EMPBaseController.php(72): view('employees/times...', Array)
#5 C:\wamp64\www\locum\app\Controllers\employee\emp.php(291): App\Controllers\employee\EMPBaseController->LoadView('employees/times...', Array)
#6 C:\wamp64\www\locum\vendor\codeigniter4\framework\system\CodeIgniter.php(802): App\Controllers\employee\emp->timesheet_view('3')
#7 C:\wamp64\www\locum\vendor\codeigniter4\framework\system\CodeIgniter.php(399): CodeIgniter\CodeIgniter->runController(Object(App\Controllers\employee\emp))
#8 C:\wamp64\www\locum\vendor\codeigniter4\framework\system\CodeIgniter.php(317): CodeIgniter\CodeIgniter->handleRequest(NULL, Object(Config\Cache), false)
#9 C:\wamp64\www\locum\index.php(37): CodeIgniter\CodeIgniter->run()
#10 {main}
CRITICAL - 2023-02-09 13:04:51 --> Undefined index: 2023-01-27 10:32:00
#0 C:\wamp64\www\locum\app\Views\employees\timesheet_view.php(80): CodeIgniter\Debug\Exceptions->errorHandler(8, 'Undefined index...', 'C:\\wamp64\\www\\l...', 80, Array)
#1 C:\wamp64\www\locum\vendor\codeigniter4\framework\system\View\View.php(214): include('C:\\wamp64\\www\\l...')
#2 C:\wamp64\www\locum\vendor\codeigniter4\framework\system\View\View.php(217): CodeIgniter\View\View->CodeIgniter\View\{closure}()
#3 C:\wamp64\www\locum\vendor\codeigniter4\framework\system\Common.php(1092): CodeIgniter\View\View->render('employees/times...', Array, true)
#4 C:\wamp64\www\locum\app\Controllers\employee\EMPBaseController.php(72): view('employees/times...', Array)
#5 C:\wamp64\www\locum\app\Controllers\employee\emp.php(291): App\Controllers\employee\EMPBaseController->LoadView('employees/times...', Array)
#6 C:\wamp64\www\locum\vendor\codeigniter4\framework\system\CodeIgniter.php(802): App\Controllers\employee\emp->timesheet_view('3')
#7 C:\wamp64\www\locum\vendor\codeigniter4\framework\system\CodeIgniter.php(399): CodeIgniter\CodeIgniter->runController(Object(App\Controllers\employee\emp))
#8 C:\wamp64\www\locum\vendor\codeigniter4\framework\system\CodeIgniter.php(317): CodeIgniter\CodeIgniter->handleRequest(NULL, Object(Config\Cache), false)
#9 C:\wamp64\www\locum\index.php(37): CodeIgniter\CodeIgniter->run()
#10 {main}
CRITICAL - 2023-02-09 13:05:12 --> Undefined variable: counts
#0 C:\wamp64\www\locum\app\Views\employees\timesheet_view.php(109): CodeIgniter\Debug\Exceptions->errorHandler(8, 'Undefined varia...', 'C:\\wamp64\\www\\l...', 109, Array)
#1 C:\wamp64\www\locum\vendor\codeigniter4\framework\system\View\View.php(214): include('C:\\wamp64\\www\\l...')
#2 C:\wamp64\www\locum\vendor\codeigniter4\framework\system\View\View.php(217): CodeIgniter\View\View->CodeIgniter\View\{closure}()
#3 C:\wamp64\www\locum\vendor\codeigniter4\framework\system\Common.php(1092): CodeIgniter\View\View->render('employees/times...', Array, true)
#4 C:\wamp64\www\locum\app\Controllers\employee\EMPBaseController.php(72): view('employees/times...', Array)
#5 C:\wamp64\www\locum\app\Controllers\employee\emp.php(291): App\Controllers\employee\EMPBaseController->LoadView('employees/times...', Array)
#6 C:\wamp64\www\locum\vendor\codeigniter4\framework\system\CodeIgniter.php(802): App\Controllers\employee\emp->timesheet_view('3')
#7 C:\wamp64\www\locum\vendor\codeigniter4\framework\system\CodeIgniter.php(399): CodeIgniter\CodeIgniter->runController(Object(App\Controllers\employee\emp))
#8 C:\wamp64\www\locum\vendor\codeigniter4\framework\system\CodeIgniter.php(317): CodeIgniter\CodeIgniter->handleRequest(NULL, Object(Config\Cache), false)
#9 C:\wamp64\www\locum\index.php(37): CodeIgniter\CodeIgniter->run()
#10 {main}
CRITICAL - 2023-02-09 13:05:38 --> Undefined index: 2023-01-27 10:32:00
#0 C:\wamp64\www\locum\app\Views\employees\timesheet_view.php(84): CodeIgniter\Debug\Exceptions->errorHandler(8, 'Undefined index...', 'C:\\wamp64\\www\\l...', 84, Array)
#1 C:\wamp64\www\locum\vendor\codeigniter4\framework\system\View\View.php(214): include('C:\\wamp64\\www\\l...')
#2 C:\wamp64\www\locum\vendor\codeigniter4\framework\system\View\View.php(217): CodeIgniter\View\View->CodeIgniter\View\{closure}()
#3 C:\wamp64\www\locum\vendor\codeigniter4\framework\system\Common.php(1092): CodeIgniter\View\View->render('employees/times...', Array, true)
#4 C:\wamp64\www\locum\app\Controllers\employee\EMPBaseController.php(72): view('employees/times...', Array)
#5 C:\wamp64\www\locum\app\Controllers\employee\emp.php(291): App\Controllers\employee\EMPBaseController->LoadView('employees/times...', Array)
#6 C:\wamp64\www\locum\vendor\codeigniter4\framework\system\CodeIgniter.php(802): App\Controllers\employee\emp->timesheet_view('3')
#7 C:\wamp64\www\locum\vendor\codeigniter4\framework\system\CodeIgniter.php(399): CodeIgniter\CodeIgniter->runController(Object(App\Controllers\employee\emp))
#8 C:\wamp64\www\locum\vendor\codeigniter4\framework\system\CodeIgniter.php(317): CodeIgniter\CodeIgniter->handleRequest(NULL, Object(Config\Cache), false)
#9 C:\wamp64\www\locum\index.php(37): CodeIgniter\CodeIgniter->run()
#10 {main}
CRITICAL - 2023-02-09 13:06:24 --> Undefined variable: counts
#0 C:\wamp64\www\locum\app\Views\employees\timesheet_view.php(111): CodeIgniter\Debug\Exceptions->errorHandler(8, 'Undefined varia...', 'C:\\wamp64\\www\\l...', 111, Array)
#1 C:\wamp64\www\locum\vendor\codeigniter4\framework\system\View\View.php(214): include('C:\\wamp64\\www\\l...')
#2 C:\wamp64\www\locum\vendor\codeigniter4\framework\system\View\View.php(217): CodeIgniter\View\View->CodeIgniter\View\{closure}()
#3 C:\wamp64\www\locum\vendor\codeigniter4\framework\system\Common.php(1092): CodeIgniter\View\View->render('employees/times...', Array, true)
#4 C:\wamp64\www\locum\app\Controllers\employee\EMPBaseController.php(72): view('employees/times...', Array)
#5 C:\wamp64\www\locum\app\Controllers\employee\emp.php(291): App\Controllers\employee\EMPBaseController->LoadView('employees/times...', Array)
#6 C:\wamp64\www\locum\vendor\codeigniter4\framework\system\CodeIgniter.php(802): App\Controllers\employee\emp->timesheet_view('3')
#7 C:\wamp64\www\locum\vendor\codeigniter4\framework\system\CodeIgniter.php(399): CodeIgniter\CodeIgniter->runController(Object(App\Controllers\employee\emp))
#8 C:\wamp64\www\locum\vendor\codeigniter4\framework\system\CodeIgniter.php(317): CodeIgniter\CodeIgniter->handleRequest(NULL, Object(Config\Cache), false)
#9 C:\wamp64\www\locum\index.php(37): CodeIgniter\CodeIgniter->run()
#10 {main}
