CRITICAL - 2023-02-14 13:15:13 --> Call to undefined function set_value()
#0 C:\wamp64\www\locum\vendor\codeigniter4\framework\system\View\View.php(214): include()
#1 C:\wamp64\www\locum\vendor\codeigniter4\framework\system\View\View.php(217): CodeIgniter\View\View->CodeIgniter\View\{closure}()
#2 C:\wamp64\www\locum\vendor\codeigniter4\framework\system\Common.php(1092): CodeIgniter\View\View->render('admin/login', Array, true)
#3 C:\wamp64\www\locum\app\Controllers\admin\BEBaseController.php(73): view('admin/login', Array)
#4 C:\wamp64\www\locum\app\Controllers\admin\Backend.php(75): App\Controllers\admin\BEBaseController->LoadView('admin/login')
#5 C:\wamp64\www\locum\vendor\codeigniter4\framework\system\CodeIgniter.php(802): App\Controllers\admin\Backend->forbidden()
#6 C:\wamp64\www\locum\vendor\codeigniter4\framework\system\CodeIgniter.php(399): CodeIgniter\CodeIgniter->runController(Object(App\Controllers\admin\Backend))
#7 C:\wamp64\www\locum\vendor\codeigniter4\framework\system\CodeIgniter.php(317): CodeIgniter\CodeIgniter->handleRequest(NULL, Object(Config\Cache), false)
#8 C:\wamp64\www\locum\index.php(37): CodeIgniter\CodeIgniter->run()
#9 {main}
CRITICAL - 2023-02-14 13:16:29 --> Invalid file: backend/login.php
#0 C:\wamp64\www\locum\vendor\codeigniter4\framework\system\View\View.php(198): CodeIgniter\Exceptions\FrameworkException::forInvalidFile('backend/login.p...')
#1 C:\wamp64\www\locum\vendor\codeigniter4\framework\system\Common.php(1092): CodeIgniter\View\View->render('backend/login', Array, true)
#2 C:\wamp64\www\locum\app\Controllers\admin\BEBaseController.php(73): view('backend/login', Array)
#3 C:\wamp64\www\locum\app\Controllers\admin\Backend.php(75): App\Controllers\admin\BEBaseController->LoadView('backend/login')
#4 C:\wamp64\www\locum\vendor\codeigniter4\framework\system\CodeIgniter.php(802): App\Controllers\admin\Backend->forbidden()
#5 C:\wamp64\www\locum\vendor\codeigniter4\framework\system\CodeIgniter.php(399): CodeIgniter\CodeIgniter->runController(Object(App\Controllers\admin\Backend))
#6 C:\wamp64\www\locum\vendor\codeigniter4\framework\system\CodeIgniter.php(317): CodeIgniter\CodeIgniter->handleRequest(NULL, Object(Config\Cache), false)
#7 C:\wamp64\www\locum\index.php(37): CodeIgniter\CodeIgniter->run()
#8 {main}
CRITICAL - 2023-02-14 13:17:40 --> Invalid file: backend/login.php
#0 C:\wamp64\www\locum\vendor\codeigniter4\framework\system\View\View.php(198): CodeIgniter\Exceptions\FrameworkException::forInvalidFile('backend/login.p...')
#1 C:\wamp64\www\locum\vendor\codeigniter4\framework\system\Common.php(1092): CodeIgniter\View\View->render('backend/login', Array, true)
#2 C:\wamp64\www\locum\app\Controllers\admin\BEBaseController.php(73): view('backend/login', Array)
#3 C:\wamp64\www\locum\app\Controllers\admin\Backend.php(75): App\Controllers\admin\BEBaseController->LoadView('backend/login')
#4 C:\wamp64\www\locum\vendor\codeigniter4\framework\system\CodeIgniter.php(802): App\Controllers\admin\Backend->forbidden()
#5 C:\wamp64\www\locum\vendor\codeigniter4\framework\system\CodeIgniter.php(399): CodeIgniter\CodeIgniter->runController(Object(App\Controllers\admin\Backend))
#6 C:\wamp64\www\locum\vendor\codeigniter4\framework\system\CodeIgniter.php(317): CodeIgniter\CodeIgniter->handleRequest(NULL, Object(Config\Cache), false)
#7 C:\wamp64\www\locum\index.php(37): CodeIgniter\CodeIgniter->run()
#8 {main}
CRITICAL - 2023-02-14 13:17:45 --> Invalid file: backend/login.php
#0 C:\wamp64\www\locum\vendor\codeigniter4\framework\system\View\View.php(198): CodeIgniter\Exceptions\FrameworkException::forInvalidFile('backend/login.p...')
#1 C:\wamp64\www\locum\vendor\codeigniter4\framework\system\Common.php(1092): CodeIgniter\View\View->render('backend/login', Array, true)
#2 C:\wamp64\www\locum\app\Controllers\admin\BEBaseController.php(73): view('backend/login', Array)
#3 C:\wamp64\www\locum\app\Controllers\admin\Backend.php(75): App\Controllers\admin\BEBaseController->LoadView('backend/login')
#4 C:\wamp64\www\locum\vendor\codeigniter4\framework\system\CodeIgniter.php(802): App\Controllers\admin\Backend->forbidden()
#5 C:\wamp64\www\locum\vendor\codeigniter4\framework\system\CodeIgniter.php(399): CodeIgniter\CodeIgniter->runController(Object(App\Controllers\admin\Backend))
#6 C:\wamp64\www\locum\vendor\codeigniter4\framework\system\CodeIgniter.php(317): CodeIgniter\CodeIgniter->handleRequest(NULL, Object(Config\Cache), false)
#7 C:\wamp64\www\locum\index.php(37): CodeIgniter\CodeIgniter->run()
#8 {main}
CRITICAL - 2023-02-14 13:26:56 --> Call to undefined function set_value()
#0 C:\wamp64\www\locum\vendor\codeigniter4\framework\system\View\View.php(214): include()
#1 C:\wamp64\www\locum\vendor\codeigniter4\framework\system\View\View.php(217): CodeIgniter\View\View->CodeIgniter\View\{closure}()
#2 C:\wamp64\www\locum\vendor\codeigniter4\framework\system\Common.php(1092): CodeIgniter\View\View->render('admin/login', Array, true)
#3 C:\wamp64\www\locum\app\Controllers\admin\BEBaseController.php(73): view('admin/login', Array)
#4 C:\wamp64\www\locum\app\Controllers\admin\Backend.php(75): App\Controllers\admin\BEBaseController->LoadView('admin/login')
#5 C:\wamp64\www\locum\vendor\codeigniter4\framework\system\CodeIgniter.php(802): App\Controllers\admin\Backend->forbidden()
#6 C:\wamp64\www\locum\vendor\codeigniter4\framework\system\CodeIgniter.php(399): CodeIgniter\CodeIgniter->runController(Object(App\Controllers\admin\Backend))
#7 C:\wamp64\www\locum\vendor\codeigniter4\framework\system\CodeIgniter.php(317): CodeIgniter\CodeIgniter->handleRequest(NULL, Object(Config\Cache), false)
#8 C:\wamp64\www\locum\index.php(37): CodeIgniter\CodeIgniter->run()
#9 {main}
CRITICAL - 2023-02-14 13:27:32 --> Undefined variable: o_pen
#0 C:\wamp64\www\locum\app\Views\admin\dashboard.php(15): CodeIgniter\Debug\Exceptions->errorHandler(8, 'Undefined varia...', 'C:\\wamp64\\www\\l...', 15, Array)
#1 C:\wamp64\www\locum\vendor\codeigniter4\framework\system\View\View.php(214): include('C:\\wamp64\\www\\l...')
#2 C:\wamp64\www\locum\vendor\codeigniter4\framework\system\View\View.php(217): CodeIgniter\View\View->CodeIgniter\View\{closure}()
#3 C:\wamp64\www\locum\vendor\codeigniter4\framework\system\Common.php(1092): CodeIgniter\View\View->render('admin/dashboard', Array, true)
#4 C:\wamp64\www\locum\app\Controllers\admin\BEBaseController.php(73): view('admin/dashboard', Array)
#5 C:\wamp64\www\locum\app\Controllers\admin\Backend.php(75): App\Controllers\admin\BEBaseController->LoadView('admin/dashboard')
#6 C:\wamp64\www\locum\vendor\codeigniter4\framework\system\CodeIgniter.php(802): App\Controllers\admin\Backend->forbidden()
#7 C:\wamp64\www\locum\vendor\codeigniter4\framework\system\CodeIgniter.php(399): CodeIgniter\CodeIgniter->runController(Object(App\Controllers\admin\Backend))
#8 C:\wamp64\www\locum\vendor\codeigniter4\framework\system\CodeIgniter.php(317): CodeIgniter\CodeIgniter->handleRequest(NULL, Object(Config\Cache), false)
#9 C:\wamp64\www\locum\index.php(37): CodeIgniter\CodeIgniter->run()
#10 {main}
CRITICAL - 2023-02-14 13:34:43 --> syntax error, unexpected end of file, expecting elseif (T_ELSEIF) or else (T_ELSE) or endif (T_ENDIF)
#0 C:\wamp64\www\locum\vendor\codeigniter4\framework\system\View\View.php(217): CodeIgniter\View\View->CodeIgniter\View\{closure}()
#1 C:\wamp64\www\locum\vendor\codeigniter4\framework\system\Common.php(1092): CodeIgniter\View\View->render('forbidden', Array, true)
#2 C:\wamp64\www\locum\app\Controllers\admin\BEBaseController.php(73): view('forbidden', Array)
#3 C:\wamp64\www\locum\app\Controllers\admin\Backend.php(75): App\Controllers\admin\BEBaseController->LoadView('forbidden')
#4 C:\wamp64\www\locum\vendor\codeigniter4\framework\system\CodeIgniter.php(802): App\Controllers\admin\Backend->forbidden()
#5 C:\wamp64\www\locum\vendor\codeigniter4\framework\system\CodeIgniter.php(399): CodeIgniter\CodeIgniter->runController(Object(App\Controllers\admin\Backend))
#6 C:\wamp64\www\locum\vendor\codeigniter4\framework\system\CodeIgniter.php(317): CodeIgniter\CodeIgniter->handleRequest(NULL, Object(Config\Cache), false)
#7 C:\wamp64\www\locum\index.php(37): CodeIgniter\CodeIgniter->run()
#8 {main}
