CRITICAL - 2023-02-08 10:41:04 --> Undefined variable: i
#0 C:\wamp64\www\locum\app\Views\employees\timesheet_view.php(138): CodeIgniter\Debug\Exceptions->errorHandler(8, 'Undefined varia...', 'C:\\wamp64\\www\\l...', 138, Array)
#1 C:\wamp64\www\locum\vendor\codeigniter4\framework\system\View\View.php(214): include('C:\\wamp64\\www\\l...')
#2 C:\wamp64\www\locum\vendor\codeigniter4\framework\system\View\View.php(217): CodeIgniter\View\View->CodeIgniter\View\{closure}()
#3 C:\wamp64\www\locum\vendor\codeigniter4\framework\system\Common.php(1092): CodeIgniter\View\View->render('employees/times...', Array, true)
#4 C:\wamp64\www\locum\app\Controllers\employee\EMPBaseController.php(72): view('employees/times...', Array)
#5 C:\wamp64\www\locum\app\Controllers\employee\emp.php(287): App\Controllers\employee\EMPBaseController->LoadView('employees/times...', Array)
#6 C:\wamp64\www\locum\vendor\codeigniter4\framework\system\CodeIgniter.php(802): App\Controllers\employee\emp->timesheet_view('3')
#7 C:\wamp64\www\locum\vendor\codeigniter4\framework\system\CodeIgniter.php(399): CodeIgniter\CodeIgniter->runController(Object(App\Controllers\employee\emp))
#8 C:\wamp64\www\locum\vendor\codeigniter4\framework\system\CodeIgniter.php(317): CodeIgniter\CodeIgniter->handleRequest(NULL, Object(Config\Cache), false)
#9 C:\wamp64\www\locum\index.php(37): CodeIgniter\CodeIgniter->run()
#10 {main}
CRITICAL - 2023-02-08 13:45:16 --> Undefined index: dutyTime
#0 C:\wamp64\www\locum\app\Views\employees\timesheet_view.php(75): CodeIgniter\Debug\Exceptions->errorHandler(8, 'Undefined index...', 'C:\\wamp64\\www\\l...', 75, Array)
#1 C:\wamp64\www\locum\vendor\codeigniter4\framework\system\View\View.php(214): include('C:\\wamp64\\www\\l...')
#2 C:\wamp64\www\locum\vendor\codeigniter4\framework\system\View\View.php(217): CodeIgniter\View\View->CodeIgniter\View\{closure}()
#3 C:\wamp64\www\locum\vendor\codeigniter4\framework\system\Common.php(1092): CodeIgniter\View\View->render('employees/times...', Array, true)
#4 C:\wamp64\www\locum\app\Controllers\employee\EMPBaseController.php(72): view('employees/times...', Array)
#5 C:\wamp64\www\locum\app\Controllers\employee\emp.php(291): App\Controllers\employee\EMPBaseController->LoadView('employees/times...', Array)
#6 C:\wamp64\www\locum\vendor\codeigniter4\framework\system\CodeIgniter.php(802): App\Controllers\employee\emp->timesheet_view('3')
#7 C:\wamp64\www\locum\vendor\codeigniter4\framework\system\CodeIgniter.php(399): CodeIgniter\CodeIgniter->runController(Object(App\Controllers\employee\emp))
#8 C:\wamp64\www\locum\vendor\codeigniter4\framework\system\CodeIgniter.php(317): CodeIgniter\CodeIgniter->handleRequest(NULL, Object(Config\Cache), false)
#9 C:\wamp64\www\locum\index.php(37): CodeIgniter\CodeIgniter->run()
#10 {main}
CRITICAL - 2023-02-08 13:45:47 --> Undefined index: siteStatus
#0 C:\wamp64\www\locum\app\Views\employees\timesheet_view.php(75): CodeIgniter\Debug\Exceptions->errorHandler(8, 'Undefined index...', 'C:\\wamp64\\www\\l...', 75, Array)
#1 C:\wamp64\www\locum\vendor\codeigniter4\framework\system\View\View.php(214): include('C:\\wamp64\\www\\l...')
#2 C:\wamp64\www\locum\vendor\codeigniter4\framework\system\View\View.php(217): CodeIgniter\View\View->CodeIgniter\View\{closure}()
#3 C:\wamp64\www\locum\vendor\codeigniter4\framework\system\Common.php(1092): CodeIgniter\View\View->render('employees/times...', Array, true)
#4 C:\wamp64\www\locum\app\Controllers\employee\EMPBaseController.php(72): view('employees/times...', Array)
#5 C:\wamp64\www\locum\app\Controllers\employee\emp.php(291): App\Controllers\employee\EMPBaseController->LoadView('employees/times...', Array)
#6 C:\wamp64\www\locum\vendor\codeigniter4\framework\system\CodeIgniter.php(802): App\Controllers\employee\emp->timesheet_view('3')
#7 C:\wamp64\www\locum\vendor\codeigniter4\framework\system\CodeIgniter.php(399): CodeIgniter\CodeIgniter->runController(Object(App\Controllers\employee\emp))
#8 C:\wamp64\www\locum\vendor\codeigniter4\framework\system\CodeIgniter.php(317): CodeIgniter\CodeIgniter->handleRequest(NULL, Object(Config\Cache), false)
#9 C:\wamp64\www\locum\index.php(37): CodeIgniter\CodeIgniter->run()
#10 {main}
CRITICAL - 2023-02-08 21:20:26 --> Undefined index: dutyDtae
#0 C:\wamp64\www\locum\app\Views\employees\timesheet_view.php(78): CodeIgniter\Debug\Exceptions->errorHandler(8, 'Undefined index...', 'C:\\wamp64\\www\\l...', 78, Array)
#1 C:\wamp64\www\locum\vendor\codeigniter4\framework\system\View\View.php(214): include('C:\\wamp64\\www\\l...')
#2 C:\wamp64\www\locum\vendor\codeigniter4\framework\system\View\View.php(217): CodeIgniter\View\View->CodeIgniter\View\{closure}()
#3 C:\wamp64\www\locum\vendor\codeigniter4\framework\system\Common.php(1092): CodeIgniter\View\View->render('employees/times...', Array, true)
#4 C:\wamp64\www\locum\app\Controllers\employee\EMPBaseController.php(72): view('employees/times...', Array)
#5 C:\wamp64\www\locum\app\Controllers\employee\emp.php(291): App\Controllers\employee\EMPBaseController->LoadView('employees/times...', Array)
#6 C:\wamp64\www\locum\vendor\codeigniter4\framework\system\CodeIgniter.php(802): App\Controllers\employee\emp->timesheet_view('3')
#7 C:\wamp64\www\locum\vendor\codeigniter4\framework\system\CodeIgniter.php(399): CodeIgniter\CodeIgniter->runController(Object(App\Controllers\employee\emp))
#8 C:\wamp64\www\locum\vendor\codeigniter4\framework\system\CodeIgniter.php(317): CodeIgniter\CodeIgniter->handleRequest(NULL, Object(Config\Cache), false)
#9 C:\wamp64\www\locum\index.php(37): CodeIgniter\CodeIgniter->run()
#10 {main}
CRITICAL - 2023-02-08 21:20:40 --> Undefined index: siteStatus
#0 C:\wamp64\www\locum\app\Views\employees\timesheet_view.php(79): CodeIgniter\Debug\Exceptions->errorHandler(8, 'Undefined index...', 'C:\\wamp64\\www\\l...', 79, Array)
#1 C:\wamp64\www\locum\vendor\codeigniter4\framework\system\View\View.php(214): include('C:\\wamp64\\www\\l...')
#2 C:\wamp64\www\locum\vendor\codeigniter4\framework\system\View\View.php(217): CodeIgniter\View\View->CodeIgniter\View\{closure}()
#3 C:\wamp64\www\locum\vendor\codeigniter4\framework\system\Common.php(1092): CodeIgniter\View\View->render('employees/times...', Array, true)
#4 C:\wamp64\www\locum\app\Controllers\employee\EMPBaseController.php(72): view('employees/times...', Array)
#5 C:\wamp64\www\locum\app\Controllers\employee\emp.php(291): App\Controllers\employee\EMPBaseController->LoadView('employees/times...', Array)
#6 C:\wamp64\www\locum\vendor\codeigniter4\framework\system\CodeIgniter.php(802): App\Controllers\employee\emp->timesheet_view('3')
#7 C:\wamp64\www\locum\vendor\codeigniter4\framework\system\CodeIgniter.php(399): CodeIgniter\CodeIgniter->runController(Object(App\Controllers\employee\emp))
#8 C:\wamp64\www\locum\vendor\codeigniter4\framework\system\CodeIgniter.php(317): CodeIgniter\CodeIgniter->handleRequest(NULL, Object(Config\Cache), false)
#9 C:\wamp64\www\locum\index.php(37): CodeIgniter\CodeIgniter->run()
#10 {main}
CRITICAL - 2023-02-08 21:38:07 --> A non well formed numeric value encountered
#0 [internal function]: CodeIgniter\Debug\Exceptions->errorHandler(8, 'A non well form...', 'C:\\wamp64\\www\\l...', 78, Array)
#1 C:\wamp64\www\locum\app\Views\employees\timesheet_view.php(78): date('d-m-Y', '2023-01-27')
#2 C:\wamp64\www\locum\vendor\codeigniter4\framework\system\View\View.php(214): include('C:\\wamp64\\www\\l...')
#3 C:\wamp64\www\locum\vendor\codeigniter4\framework\system\View\View.php(217): CodeIgniter\View\View->CodeIgniter\View\{closure}()
#4 C:\wamp64\www\locum\vendor\codeigniter4\framework\system\Common.php(1092): CodeIgniter\View\View->render('employees/times...', Array, true)
#5 C:\wamp64\www\locum\app\Controllers\employee\EMPBaseController.php(72): view('employees/times...', Array)
#6 C:\wamp64\www\locum\app\Controllers\employee\emp.php(291): App\Controllers\employee\EMPBaseController->LoadView('employees/times...', Array)
#7 C:\wamp64\www\locum\vendor\codeigniter4\framework\system\CodeIgniter.php(802): App\Controllers\employee\emp->timesheet_view('3')
#8 C:\wamp64\www\locum\vendor\codeigniter4\framework\system\CodeIgniter.php(399): CodeIgniter\CodeIgniter->runController(Object(App\Controllers\employee\emp))
#9 C:\wamp64\www\locum\vendor\codeigniter4\framework\system\CodeIgniter.php(317): CodeIgniter\CodeIgniter->handleRequest(NULL, Object(Config\Cache), false)
#10 C:\wamp64\www\locum\index.php(37): CodeIgniter\CodeIgniter->run()
#11 {main}
CRITICAL - 2023-02-08 21:44:56 --> syntax error, unexpected 'if' (T_IF), expecting ',' or ';'
#0 C:\wamp64\www\locum\vendor\codeigniter4\framework\system\View\View.php(217): CodeIgniter\View\View->CodeIgniter\View\{closure}()
#1 C:\wamp64\www\locum\vendor\codeigniter4\framework\system\Common.php(1092): CodeIgniter\View\View->render('employees/times...', Array, true)
#2 C:\wamp64\www\locum\app\Controllers\employee\EMPBaseController.php(72): view('employees/times...', Array)
#3 C:\wamp64\www\locum\app\Controllers\employee\emp.php(291): App\Controllers\employee\EMPBaseController->LoadView('employees/times...', Array)
#4 C:\wamp64\www\locum\vendor\codeigniter4\framework\system\CodeIgniter.php(802): App\Controllers\employee\emp->timesheet_view('3')
#5 C:\wamp64\www\locum\vendor\codeigniter4\framework\system\CodeIgniter.php(399): CodeIgniter\CodeIgniter->runController(Object(App\Controllers\employee\emp))
#6 C:\wamp64\www\locum\vendor\codeigniter4\framework\system\CodeIgniter.php(317): CodeIgniter\CodeIgniter->handleRequest(NULL, Object(Config\Cache), false)
#7 C:\wamp64\www\locum\index.php(37): CodeIgniter\CodeIgniter->run()
#8 {main}
