ERROR - 2023-02-18 00:10:06 --> Unknown column 'id' in 'where clause'
CRITICAL - 2023-02-18 00:10:06 --> Unknown column 'id' in 'where clause'
#0 C:\wamp64\www\locum\vendor\codeigniter4\framework\system\Database\MySQLi\Connection.php(280): mysqli->query('SELECT *\nFROM `...')
#1 C:\wamp64\www\locum\vendor\codeigniter4\framework\system\Database\BaseConnection.php(663): CodeIgniter\Database\MySQLi\Connection->execute('SELECT *\nFROM `...')
#2 C:\wamp64\www\locum\vendor\codeigniter4\framework\system\Database\BaseConnection.php(591): CodeIgniter\Database\BaseConnection->simpleQuery('SELECT *\nFROM `...')
#3 C:\wamp64\www\locum\vendor\codeigniter4\framework\system\Database\BaseBuilder.php(1428): CodeIgniter\Database\BaseConnection->query('SELECT *\nFROM `...', Array, false)
#4 C:\wamp64\www\locum\vendor\codeigniter4\framework\system\Model.php(210): CodeIgniter\Database\BaseBuilder->get()
#5 C:\wamp64\www\locum\vendor\codeigniter4\framework\system\BaseModel.php(622): CodeIgniter\Model->doFirst()
#6 C:\wamp64\www\locum\app\Controllers\admin\Backend.php(1992): CodeIgniter\BaseModel->first()
#7 C:\wamp64\www\locum\vendor\codeigniter4\framework\system\CodeIgniter.php(802): App\Controllers\admin\Backend->edit_formula('1')
#8 C:\wamp64\www\locum\vendor\codeigniter4\framework\system\CodeIgniter.php(399): CodeIgniter\CodeIgniter->runController(Object(App\Controllers\admin\Backend))
#9 C:\wamp64\www\locum\vendor\codeigniter4\framework\system\CodeIgniter.php(317): CodeIgniter\CodeIgniter->handleRequest(NULL, Object(Config\Cache), false)
#10 C:\wamp64\www\locum\index.php(37): CodeIgniter\CodeIgniter->run()
#11 {main}
ERROR - 2023-02-18 00:10:34 --> Unknown column 'grade_updated' in 'field list'
CRITICAL - 2023-02-18 00:10:34 --> Unknown column 'grade_updated' in 'field list'
#0 C:\wamp64\www\locum\vendor\codeigniter4\framework\system\Database\MySQLi\Connection.php(280): mysqli->query('UPDATE `formula...')
#1 C:\wamp64\www\locum\vendor\codeigniter4\framework\system\Database\BaseConnection.php(663): CodeIgniter\Database\MySQLi\Connection->execute('UPDATE `formula...')
#2 C:\wamp64\www\locum\vendor\codeigniter4\framework\system\Database\BaseConnection.php(591): CodeIgniter\Database\BaseConnection->simpleQuery('UPDATE `formula...')
#3 C:\wamp64\www\locum\vendor\codeigniter4\framework\system\Database\BaseBuilder.php(1875): CodeIgniter\Database\BaseConnection->query('UPDATE `formula...', Array, false)
#4 C:\wamp64\www\locum\vendor\codeigniter4\framework\system\Model.php(298): CodeIgniter\Database\BaseBuilder->update()
#5 C:\wamp64\www\locum\vendor\codeigniter4\framework\system\BaseModel.php(865): CodeIgniter\Model->doUpdate(Array, Array)
#6 C:\wamp64\www\locum\vendor\codeigniter4\framework\system\Model.php(646): CodeIgniter\BaseModel->update(Array, Array)
#7 C:\wamp64\www\locum\app\Controllers\admin\Backend.php(2012): CodeIgniter\Model->update('1', Array)
#8 C:\wamp64\www\locum\vendor\codeigniter4\framework\system\CodeIgniter.php(802): App\Controllers\admin\Backend->edit_formula('1')
#9 C:\wamp64\www\locum\vendor\codeigniter4\framework\system\CodeIgniter.php(399): CodeIgniter\CodeIgniter->runController(Object(App\Controllers\admin\Backend))
#10 C:\wamp64\www\locum\vendor\codeigniter4\framework\system\CodeIgniter.php(317): CodeIgniter\CodeIgniter->handleRequest(NULL, Object(Config\Cache), false)
#11 C:\wamp64\www\locum\index.php(37): CodeIgniter\CodeIgniter->run()
#12 {main}
CRITICAL - 2023-02-18 18:47:04 --> syntax error, unexpected end of file, expecting elseif (T_ELSEIF) or else (T_ELSE) or endif (T_ENDIF)
#0 C:\wamp64\www\locum\vendor\codeigniter4\framework\system\View\View.php(217): CodeIgniter\View\View->CodeIgniter\View\{closure}()
#1 C:\wamp64\www\locum\vendor\codeigniter4\framework\system\Common.php(1092): CodeIgniter\View\View->render('admin/order_edi...', Array, true)
#2 C:\wamp64\www\locum\app\Controllers\admin\BEBaseController.php(73): view('admin/order_edi...', Array)
#3 C:\wamp64\www\locum\app\Controllers\admin\Backend.php(1367): App\Controllers\admin\BEBaseController->LoadView('admin/order_edi...', Array)
#4 C:\wamp64\www\locum\vendor\codeigniter4\framework\system\CodeIgniter.php(802): App\Controllers\admin\Backend->order_edit('8')
#5 C:\wamp64\www\locum\vendor\codeigniter4\framework\system\CodeIgniter.php(399): CodeIgniter\CodeIgniter->runController(Object(App\Controllers\admin\Backend))
#6 C:\wamp64\www\locum\vendor\codeigniter4\framework\system\CodeIgniter.php(317): CodeIgniter\CodeIgniter->handleRequest(NULL, Object(Config\Cache), false)
#7 C:\wamp64\www\locum\index.php(37): CodeIgniter\CodeIgniter->run()
#8 {main}
